Compilazione avviata 26/07/2014 14:16:18.
     1>Progetto "D:\icubDemo\build\torsoDemo.vcxproj" sul nodo 2 (destinazioni: Build).
     1>CustomBuild:
         Building Custom Rule D:/icubDemo/CMakeLists.txt
         CMake does not need to re-run because D:\icubDemo\build\CMakeFiles\generate.stamp is up-to-date.
       ClCompile:
         C:\Program Files (x86)\Microsoft Visual Studio 11.0\VC\bin\CL.exe /c /I"C:\Program Files (x86)\robotology\yarp-2.3.63\cmake\..\include" /I"C:\Program Files (x86)\robotology\icub-1.1.15\include" /I"C:\Program Files (x86)\robotology\opencv-git-snapshot-26-09-12\include" /I"C:\Program Files (x86)\robotology\opencv-git-snapshot-26-09-12\include\opencv" /I"C:\Program Files (x86)\robotology\gsl-1.14\include" /Zi /nologo /W3 /WX- /Od /Ob0 /Oy- /D WIN32 /D _WINDOWS /D _DEBUG /D "CMAKE_INTDIR=\"Debug\"" /D _MBCS /Gm- /EHsc /RTC1 /MDd /GS /fp:precise /Zc:wchar_t /Zc:forScope /GR /Fo"torsoDemo.dir\Debug\\" /Fd"torsoDemo.dir\Debug\vc110.pdb" /Gd /TP /analyze- /errorReport:prompt ..\torsoDemo.cpp
         torsoDemo.cpp
       Link:
         C:\Program Files (x86)\Microsoft Visual Studio 11.0\VC\bin\link.exe /ERRORREPORT:PROMPT /OUT:"D:\icubDemo\build\Debug\torsoDemo.exe" /INCREMENTAL /NOLOGO /LIBPATH:"C:/Program Files (x86)/robotology/opencv-git-snapshot-26-09-12/lib" /LIBPATH:"C:/Program Files (x86)/robotology/opencv-git-snapshot-26-09-12/lib/Debug" /LIBPATH:"C:/Program Files (x86)/robotology/opencv-git-snapshot-26-09-12/share/OpenCV/3rdparty/lib" /LIBPATH:"C:/Program Files (x86)/robotology/opencv-git-snapshot-26-09-12/share/OpenCV/3rdparty/lib/Debug" kernel32.lib user32.lib gdi32.lib winspool.lib shell32.lib ole32.lib oleaut32.lib uuid.lib comdlg32.lib advapi32.lib "C:\Program Files (x86)\robotology\icub-1.1.15\lib\icubmodd.lib" "C:\Program Files (x86)\robotology\yarp-2.3.63\lib\YARP_OSd.lib" "C:\Program Files (x86)\robotology\yarp-2.3.63\lib\YARP_sigd.lib" "C:\Program Files (x86)\robotology\yarp-2.3.63\lib\YARP_mathd.lib" "C:\Program Files (x86)\robotology\yarp-2.3.63\lib\YARP_devd.lib" "C:\Program Files (x86)\robotology\yarp-2.3.63\lib\YARP_named.lib" "C:\Program Files (x86)\robotology\yarp-2.3.63\lib\YARP_initd.lib" "C:\Program Files (x86)\robotology\icub-1.1.15\lib\cartesiancontrollerserverd.lib" "C:\Program Files (x86)\robotology\icub-1.1.15\lib\cartesiancontrollerclientd.lib" "C:\Program Files (x86)\robotology\icub-1.1.15\lib\iKind.lib" "C:\Program Files (x86)\robotology\icub-1.1.15\lib\ctrlLibd.lib" "C:\Program Files (x86)\robotology\gsl-1.14\lib\gsl.lib" "C:\Program Files (x86)\robotology\gsl-1.14\lib\gslcblas.lib" "C:\Program Files (x86)\robotology\ipopt-3.10.1\lib\libipoptD.lib" "C:\Program Files (x86)\robotology\icub-1.1.15\lib\fcand.lib" "C:\Program Files (x86)\robotology\icub-1.1.15\lib\gazecontrollerclientd.lib" "C:\Program Files (x86)\robotology\icub-1.1.15\lib\logpolarclientd.lib" "C:\Program Files (x86)\robotology\icub-1.1.15\lib\iCubDevd.lib" "C:\Program Files (x86)\robotology\icub-1.1.15\lib\logpolard.lib" "C:\Program Files (x86)\robotology\icub-1.1.15\lib\static_grabberd.lib" "C:\Program Files (x86)\robotology\icub-1.1.15\lib\debugInterfaceClientd.lib" "C:\Program Files (x86)\robotology\yarp-2.3.63\lib\YARP_devd.lib" "C:\Program Files (x86)\robotology\yarp-2.3.63\lib\YARP_named.lib" "C:\Program Files (x86)\robotology\yarp-2.3.63\lib\YARP_initd.lib" "C:\Program Files (x86)\robotology\yarp-2.3.63\lib\YARP_mathd.lib" "C:\Program Files (x86)\robotology\yarp-2.3.63\lib\YARP_sigd.lib" "C:\Program Files (x86)\robotology\yarp-2.3.63\lib\YARP_OSd.lib" /MANIFEST /MANIFESTUAC:"level='asInvoker' uiAccess='false'" /manifest:embed /DEBUG /PDB:"D:/icubDemo/build/Debug/torsoDemo.pdb" /SUBSYSTEM:CONSOLE /TLBID:1 /DYNAMICBASE /NXCOMPAT /IMPLIB:"D:/icubDemo/build/Debug/torsoDemo.lib" /MACHINE:X86 /SAFESEH  /machine:X86 /debug torsoDemo.dir\Debug\torsoDemo.obj
            Creazione della libreria D:/icubDemo/build/Debug/torsoDemo.lib e dell'oggetto D:/icubDemo/build/Debug/torsoDemo.exp in corso...
     1>icubmodd.lib(add_icubmod_plugins.obj) : warning LNK4099: impossibile trovare il PDB 'icubmodd.pdb' con 'icubmodd.lib(add_icubmod_plugins.obj)' o in 'D:\icubDemo\build\Debug\icubmodd.pdb'; oggetto collegato senza informazioni di debug
     1>cartesiancontrollerserverd.lib(yarpdev_add_cartesiancontrollerserver.obj) : warning LNK4099: impossibile trovare il PDB 'cartesiancontrollerserverd.pdb' con 'cartesiancontrollerserverd.lib(yarpdev_add_cartesiancontrollerserver.obj)' o in 'D:\icubDemo\build\Debug\cartesiancontrollerserverd.pdb'; oggetto collegato senza informazioni di debug
     1>cartesiancontrollerserverd.lib(ServerCartesianController.obj) : warning LNK4099: impossibile trovare il PDB 'cartesiancontrollerserverd.pdb' con 'cartesiancontrollerserverd.lib(ServerCartesianController.obj)' o in 'D:\icubDemo\build\Debug\cartesiancontrollerserverd.pdb'; oggetto collegato senza informazioni di debug
     1>cartesiancontrollerserverd.lib(SmithPredictor.obj) : warning LNK4099: impossibile trovare il PDB 'cartesiancontrollerserverd.pdb' con 'cartesiancontrollerserverd.lib(SmithPredictor.obj)' o in 'D:\icubDemo\build\Debug\cartesiancontrollerserverd.pdb'; oggetto collegato senza informazioni di debug
     1>cartesiancontrollerclientd.lib(yarpdev_add_cartesiancontrollerclient.obj) : warning LNK4099: impossibile trovare il PDB 'cartesiancontrollerclientd.pdb' con 'cartesiancontrollerclientd.lib(yarpdev_add_cartesiancontrollerclient.obj)' o in 'D:\icubDemo\build\Debug\cartesiancontrollerclientd.pdb'; oggetto collegato senza informazioni di debug
     1>cartesiancontrollerclientd.lib(ClientCartesianController.obj) : warning LNK4099: impossibile trovare il PDB 'cartesiancontrollerclientd.pdb' con 'cartesiancontrollerclientd.lib(ClientCartesianController.obj)' o in 'D:\icubDemo\build\Debug\cartesiancontrollerclientd.pdb'; oggetto collegato senza informazioni di debug
     1>iKind.lib(iKinFwd.obj) : warning LNK4099: impossibile trovare il PDB 'ikind.pdb' con 'iKind.lib(iKinFwd.obj)' o in 'D:\icubDemo\build\Debug\ikind.pdb'; oggetto collegato senza informazioni di debug
     1>iKind.lib(iKinInv.obj) : warning LNK4099: impossibile trovare il PDB 'ikind.pdb' con 'iKind.lib(iKinInv.obj)' o in 'D:\icubDemo\build\Debug\ikind.pdb'; oggetto collegato senza informazioni di debug
     1>iKind.lib(iKinHlp.obj) : warning LNK4099: impossibile trovare il PDB 'ikind.pdb' con 'iKind.lib(iKinHlp.obj)' o in 'D:\icubDemo\build\Debug\ikind.pdb'; oggetto collegato senza informazioni di debug
     1>ctrlLibd.lib(math.obj) : warning LNK4099: impossibile trovare il PDB 'ctrllibd.pdb' con 'ctrlLibd.lib(math.obj)' o in 'D:\icubDemo\build\Debug\ctrllibd.pdb'; oggetto collegato senza informazioni di debug
     1>ctrlLibd.lib(filters.obj) : warning LNK4099: impossibile trovare il PDB 'ctrllibd.pdb' con 'ctrlLibd.lib(filters.obj)' o in 'D:\icubDemo\build\Debug\ctrllibd.pdb'; oggetto collegato senza informazioni di debug
     1>ctrlLibd.lib(pids.obj) : warning LNK4099: impossibile trovare il PDB 'ctrllibd.pdb' con 'ctrlLibd.lib(pids.obj)' o in 'D:\icubDemo\build\Debug\ctrllibd.pdb'; oggetto collegato senza informazioni di debug
     1>ctrlLibd.lib(minJerkCtrl.obj) : warning LNK4099: impossibile trovare il PDB 'ctrllibd.pdb' con 'ctrlLibd.lib(minJerkCtrl.obj)' o in 'D:\icubDemo\build\Debug\ctrllibd.pdb'; oggetto collegato senza informazioni di debug
     1>ctrlLibd.lib(optimalControl.obj) : warning LNK4099: impossibile trovare il PDB 'ctrllibd.pdb' con 'ctrlLibd.lib(optimalControl.obj)' o in 'D:\icubDemo\build\Debug\ctrllibd.pdb'; oggetto collegato senza informazioni di debug
     1>fcand.lib(yarpdev_add_fakecan.obj) : warning LNK4099: impossibile trovare il PDB 'fcand.pdb' con 'fcand.lib(yarpdev_add_fakecan.obj)' o in 'D:\icubDemo\build\Debug\fcand.pdb'; oggetto collegato senza informazioni di debug
     1>fcand.lib(fakeCan.obj) : warning LNK4099: impossibile trovare il PDB 'fcand.pdb' con 'fcand.lib(fakeCan.obj)' o in 'D:\icubDemo\build\Debug\fcand.pdb'; oggetto collegato senza informazioni di debug
     1>fcand.lib(fakeBoard.obj) : warning LNK4099: impossibile trovare il PDB 'fcand.pdb' con 'fcand.lib(fakeBoard.obj)' o in 'D:\icubDemo\build\Debug\fcand.pdb'; oggetto collegato senza informazioni di debug
     1>gazecontrollerclientd.lib(yarpdev_add_gazecontrollerclient.obj) : warning LNK4099: impossibile trovare il PDB 'gazecontrollerclientd.pdb' con 'gazecontrollerclientd.lib(yarpdev_add_gazecontrollerclient.obj)' o in 'D:\icubDemo\build\Debug\gazecontrollerclientd.pdb'; oggetto collegato senza informazioni di debug
     1>gazecontrollerclientd.lib(ClientGazeController.obj) : warning LNK4099: impossibile trovare il PDB 'gazecontrollerclientd.pdb' con 'gazecontrollerclientd.lib(ClientGazeController.obj)' o in 'D:\icubDemo\build\Debug\gazecontrollerclientd.pdb'; oggetto collegato senza informazioni di debug
     1>logpolarclientd.lib(yarpdev_add_logpolarclient.obj) : warning LNK4099: impossibile trovare il PDB 'logpolarclientd.pdb' con 'logpolarclientd.lib(yarpdev_add_logpolarclient.obj)' o in 'D:\icubDemo\build\Debug\logpolarclientd.pdb'; oggetto collegato senza informazioni di debug
     1>logpolarclientd.lib(ClientLogpolarFrameGrabber.obj) : warning LNK4099: impossibile trovare il PDB 'logpolarclientd.pdb' con 'logpolarclientd.lib(ClientLogpolarFrameGrabber.obj)' o in 'D:\icubDemo\build\Debug\logpolarclientd.pdb'; oggetto collegato senza informazioni di debug
     1>static_grabberd.lib(yarpdev_add_static_grabber.obj) : warning LNK4099: impossibile trovare il PDB 'static_grabberd.pdb' con 'static_grabberd.lib(yarpdev_add_static_grabber.obj)' o in 'D:\icubDemo\build\Debug\static_grabberd.pdb'; oggetto collegato senza informazioni di debug
     1>static_grabberd.lib(StaticGrabber.obj) : warning LNK4099: impossibile trovare il PDB 'static_grabberd.pdb' con 'static_grabberd.lib(StaticGrabber.obj)' o in 'D:\icubDemo\build\Debug\static_grabberd.pdb'; oggetto collegato senza informazioni di debug
     1>debugInterfaceClientd.lib(yarpdev_add_debugInterfaceClient.obj) : warning LNK4099: impossibile trovare il PDB 'debuginterfaceclientd.pdb' con 'debugInterfaceClientd.lib(yarpdev_add_debugInterfaceClient.obj)' o in 'D:\icubDemo\build\Debug\debuginterfaceclientd.pdb'; oggetto collegato senza informazioni di debug
     1>debugInterfaceClientd.lib(debugInterfaceClient.obj) : warning LNK4099: impossibile trovare il PDB 'debuginterfaceclientd.pdb' con 'debugInterfaceClientd.lib(debugInterfaceClient.obj)' o in 'D:\icubDemo\build\Debug\debuginterfaceclientd.pdb'; oggetto collegato senza informazioni di debug
         torsoDemo.vcxproj -> D:\icubDemo\build\Debug\torsoDemo.exe
     1>Compilazione progetto "D:\icubDemo\build\torsoDemo.vcxproj" (destinazioni: Build) completata.

Compilazione completata.

Tempo trascorso 00:00:01.36
