D:\ICUBDEMO\BUILD\TORSODEMO.DIR\RELEASE\TORSODEMO.OBJ
D:\ICUBDEMO\BUILD\CMAKEFILES\GENERATE.STAMP
D:\ICUBDEMO\BUILD\RELEASE\TORSODEMO.EXE
D:\icubDemo\build\Release\torsoDemo.lib
D:\icubDemo\build\Release\torsoDemo.exp
D:\icubDemo\build\torsoDemo.dir\Release\torsoDemo.obj
D:\icubDemo\build\torsoDemo.dir\Release\cl.command.1.tlog
D:\icubDemo\build\torsoDemo.dir\Release\CL.read.1.tlog
D:\icubDemo\build\torsoDemo.dir\Release\CL.write.1.tlog
D:\icubDemo\build\torsoDemo.dir\Release\custombuild.command.1.tlog
D:\icubDemo\build\torsoDemo.dir\Release\custombuild.read.1.tlog
D:\icubDemo\build\torsoDemo.dir\Release\custombuild.write.1.tlog
D:\icubDemo\build\torsoDemo.dir\Release\link-cvtres.read.1.tlog
D:\icubDemo\build\torsoDemo.dir\Release\link-cvtres.write.1.tlog
D:\icubDemo\build\torsoDemo.dir\Release\link-rc.read.1.tlog
D:\icubDemo\build\torsoDemo.dir\Release\link-rc.write.1.tlog
D:\icubDemo\build\torsoDemo.dir\Release\link.command.1.tlog
D:\icubDemo\build\torsoDemo.dir\Release\link.read.1.tlog
D:\icubDemo\build\torsoDemo.dir\Release\link.write.1.tlog
D:\icubDemo\build\torsoDemo.dir\Release\torsoDemo.write.1.tlog
D:\icubDemo\build\Release\torsoDemo.exe
